<?xml version="1.0" encoding="UTF-8"?>
<!-- Generated by org.testng.reporters.JUnitXMLReporter -->
<testsuite ignored="0" hostname="DESKTOP-170JDGQ" failures="0" tests="22" name="All Tests" time="44.798" errors="0" timestamp="2026-03-17T14:43:19 ICT">
  <testcase classname="tests.CartTest" name="testCartItemCount" time="1.704"/>
  <testcase classname="tests.CheckoutTest" name="testCheckoutSuccess" time="2.919"/>
  <testcase classname="tests.LoginDDTTest" name="testNegativeLoginFromExcel" time="1.667"/>
  <testcase classname="tests.LoginDDTTest" name="testBoundaryLoginFromExcel" time="1.33"/>
  <testcase classname="tests.LoginDDTTest" name="testNegativeLoginFromExcel" time="1.786"/>
  <testcase classname="tests.LoginDDTTest" name="testBoundaryLoginFromExcel" time="2.301"/>
  <testcase classname="tests.CartTest" name="testRemoveItem" time="12.119"/>
  <testcase classname="tests.LoginDDTTest" name="testNegativeLoginFromExcel" time="1.6"/>
  <testcase classname="tests.LoginDDTTest" name="testBoundaryLoginFromExcel" time="2.068"/>
  <testcase classname="tests.LoginDDTTest" name="testSmokeLoginFromExcel" time="2.594"/>
  <testcase classname="tests.LoginDDTTest" name="testNegativeLoginFromExcel" time="1.879"/>
  <testcase classname="tests.LoginDDTTest" name="testBoundaryLoginFromExcel" time="2.312"/>
  <testcase classname="tests.LoginDDTTest" name="testSmokeLoginFromExcel" time="2.691"/>
  <testcase classname="tests.LoginDDTTest" name="testNegativeLoginFromExcel" time="1.834"/>
  <testcase classname="tests.LoginTest" name="testLoginFailure" time="2.291"/>
  <testcase classname="tests.LoginTest" name="testLoginSuccess" time="1.278"/>
  <testcase classname="tests.UserLoginTest" name="testLoginFromJson" time="1.597"/>
  <testcase classname="tests.LoginDDTTest" name="testSmokeLoginFromExcel" time="7.03"/>
  <testcase classname="tests.UserLoginTest" name="testLoginFromJson" time="0.766"/>
  <testcase classname="tests.UserLoginTest" name="testLoginFromJson" time="0.665"/>
  <testcase classname="tests.UserLoginTest" name="testLoginFromJson" time="0.665"/>
  <testcase classname="tests.UserLoginTest" name="testLoginFromJson" time="0.609"/>
</testsuite> <!-- All Tests -->
