<?xml version="1.0" encoding="UTF-8"?>
<!-- Generated by org.testng.reporters.JUnitXMLReporter -->
<testsuite ignored="0" hostname="DESKTOP-170JDGQ" failures="0" tests="22" name="All Tests" time="73.129" errors="0" timestamp="2026-03-31T13:42:00 ICT">
  <testcase classname="tests.CartTest" name="testCartItemCount" time="1.948"/>
  <testcase classname="tests.CheckoutTest" name="testCheckoutSuccess" time="3.457"/>
  <testcase classname="tests.LoginDDTTest" name="testNegativeLoginFromExcel" time="0.848"/>
  <testcase classname="tests.CartTest" name="testRemoveItem" time="11.988"/>
  <testcase classname="tests.LoginDDTTest" name="testBoundaryLoginFromExcel" time="1.87"/>
  <testcase classname="tests.LoginDDTTest" name="testNegativeLoginFromExcel" time="1.569"/>
  <testcase classname="tests.LoginDDTTest" name="testSmokeLoginFromExcel" time="1.325"/>
  <testcase classname="tests.LoginDDTTest" name="testBoundaryLoginFromExcel" time="2.639"/>
  <testcase classname="tests.LoginDDTTest" name="testNegativeLoginFromExcel" time="0.597"/>
  <testcase classname="tests.LoginDDTTest" name="testBoundaryLoginFromExcel" time="1.663"/>
  <testcase classname="tests.LoginDDTTest" name="testNegativeLoginFromExcel" time="0.567"/>
  <testcase classname="tests.LoginDDTTest" name="testBoundaryLoginFromExcel" time="1.63"/>
  <testcase classname="tests.LoginDDTTest" name="testNegativeLoginFromExcel" time="0.621"/>
  <testcase classname="tests.LoginTest" name="testLoginFailure" time="0.609"/>
  <testcase classname="tests.LoginTest" name="testLoginSuccess" time="0.716"/>
  <testcase classname="tests.UserLoginTest" name="testLoginFromJson" time="0.608"/>
  <testcase classname="tests.UserLoginTest" name="testLoginFromJson" time="0.658"/>
  <testcase classname="tests.LoginDDTTest" name="testSmokeLoginFromExcel" time="1.122"/>
  <testcase classname="tests.UserLoginTest" name="testLoginFromJson" time="0.611"/>
  <testcase classname="tests.UserLoginTest" name="testLoginFromJson" time="0.556"/>
  <testcase classname="tests.LoginDDTTest" name="testSmokeLoginFromExcel" time="6.0"/>
  <testcase classname="tests.UserLoginTest" name="testLoginFromJson" time="0.55"/>
</testsuite> <!-- All Tests -->
