<?xml version="1.0" encoding="UTF-8"?>
<testng-results ignored="0" total="5" passed="4" failed="1" skipped="0">
  <reporter-output>
  </reporter-output>
  <suite started-at="2026-03-31T15:14:07 ICT" name="Surefire suite" finished-at="2026-03-31T15:15:05 ICT" duration-ms="58726">
    <groups>
    </groups>
    <test started-at="2026-03-31T15:14:07 ICT" name="Surefire test" finished-at="2026-03-31T15:15:05 ICT" duration-ms="58726">
      <class name="tests.LoginTest">
        <test-method is-config="true" signature="setUp(java.lang.String,java.lang.String)[pri:0, instance:tests.LoginTest@ef9296d]" started-at="2026-03-31T15:14:54 ICT" name="setUp" finished-at="2026-03-31T15:14:59 ICT" duration-ms="5309" status="PASS">
          <params>
            <param index="0">
              <value>
                <![CDATA[chrome]]>
              </value>
            </param>
            <param index="1">
              <value>
                <![CDATA[dev]]>
              </value>
            </param>
          </params>
          <reporter-output>
          </reporter-output>
        </test-method> <!-- setUp -->
        <test-method signature="testLoginFailure()[pri:0, instance:tests.LoginTest@ef9296d]" started-at="2026-03-31T15:14:59 ICT" name="testLoginFailure" finished-at="2026-03-31T15:15:00 ICT" duration-ms="714" status="PASS">
          <reporter-output>
          </reporter-output>
        </test-method> <!-- testLoginFailure -->
        <test-method is-config="true" signature="tearDown(org.testng.ITestResult)[pri:0, instance:tests.LoginTest@ef9296d]" started-at="2026-03-31T15:15:00 ICT" name="tearDown" finished-at="2026-03-31T15:15:00 ICT" duration-ms="237" status="PASS">
          <params>
            <param index="0">
              <value>
                <![CDATA[[TestResult name=testLoginFailure status=SUCCESS method=LoginTest.testLoginFailure()[pri:0, instance:tests.LoginTest@ef9296d] output={null}]]]>
              </value>
            </param>
          </params>
          <reporter-output>
          </reporter-output>
        </test-method> <!-- tearDown -->
        <test-method is-config="true" signature="setUp(java.lang.String,java.lang.String)[pri:0, instance:tests.LoginTest@ef9296d]" started-at="2026-03-31T15:15:00 ICT" name="setUp" finished-at="2026-03-31T15:15:04 ICT" duration-ms="4443" status="PASS">
          <params>
            <param index="0">
              <value>
                <![CDATA[chrome]]>
              </value>
            </param>
            <param index="1">
              <value>
                <![CDATA[dev]]>
              </value>
            </param>
          </params>
          <reporter-output>
          </reporter-output>
        </test-method> <!-- setUp -->
        <test-method signature="testLoginSuccess()[pri:0, instance:tests.LoginTest@ef9296d]" started-at="2026-03-31T15:15:04 ICT" name="testLoginSuccess" finished-at="2026-03-31T15:15:05 ICT" duration-ms="631" status="PASS">
          <reporter-output>
          </reporter-output>
        </test-method> <!-- testLoginSuccess -->
        <test-method is-config="true" signature="tearDown(org.testng.ITestResult)[pri:0, instance:tests.LoginTest@ef9296d]" started-at="2026-03-31T15:15:05 ICT" name="tearDown" finished-at="2026-03-31T15:15:05 ICT" duration-ms="197" status="PASS">
          <params>
            <param index="0">
              <value>
                <![CDATA[[TestResult name=testLoginSuccess status=SUCCESS method=LoginTest.testLoginSuccess()[pri:0, instance:tests.LoginTest@ef9296d] output={null}]]]>
              </value>
            </param>
          </params>
          <reporter-output>
          </reporter-output>
        </test-method> <!-- tearDown -->
      </class> <!-- tests.LoginTest -->
      <class name="tests.CartTest">
        <test-method is-config="true" signature="setUp(java.lang.String,java.lang.String)[pri:0, instance:tests.CartTest@48fa0f47]" started-at="2026-03-31T15:14:07 ICT" name="setUp" finished-at="2026-03-31T15:14:13 ICT" duration-ms="6554" status="PASS">
          <params>
            <param index="0">
              <value>
                <![CDATA[chrome]]>
              </value>
            </param>
            <param index="1">
              <value>
                <![CDATA[dev]]>
              </value>
            </param>
          </params>
          <reporter-output>
          </reporter-output>
        </test-method> <!-- setUp -->
        <test-method signature="testCartItemCount()[pri:0, instance:tests.CartTest@48fa0f47]" started-at="2026-03-31T15:14:13 ICT" name="testCartItemCount" finished-at="2026-03-31T15:14:14 ICT" duration-ms="1038" status="PASS">
          <reporter-output>
          </reporter-output>
        </test-method> <!-- testCartItemCount -->
        <test-method is-config="true" signature="tearDown(org.testng.ITestResult)[pri:0, instance:tests.CartTest@48fa0f47]" started-at="2026-03-31T15:14:14 ICT" name="tearDown" finished-at="2026-03-31T15:14:15 ICT" duration-ms="246" status="PASS">
          <params>
            <param index="0">
              <value>
                <![CDATA[[TestResult name=testCartItemCount status=SUCCESS method=CartTest.testCartItemCount()[pri:0, instance:tests.CartTest@48fa0f47] output={null}]]]>
              </value>
            </param>
          </params>
          <reporter-output>
          </reporter-output>
        </test-method> <!-- tearDown -->
        <test-method is-config="true" signature="setUp(java.lang.String,java.lang.String)[pri:0, instance:tests.CartTest@48fa0f47]" started-at="2026-03-31T15:14:15 ICT" name="setUp" finished-at="2026-03-31T15:14:19 ICT" duration-ms="4501" status="PASS">
          <params>
            <param index="0">
              <value>
                <![CDATA[chrome]]>
              </value>
            </param>
            <param index="1">
              <value>
                <![CDATA[dev]]>
              </value>
            </param>
          </params>
          <reporter-output>
          </reporter-output>
        </test-method> <!-- setUp -->
        <test-method signature="testRemoveItem()[pri:0, instance:tests.CartTest@48fa0f47]" started-at="2026-03-31T15:14:19 ICT" name="testRemoveItem" finished-at="2026-03-31T15:14:30 ICT" duration-ms="11102" status="PASS">
          <reporter-output>
          </reporter-output>
        </test-method> <!-- testRemoveItem -->
        <test-method is-config="true" signature="tearDown(org.testng.ITestResult)[pri:0, instance:tests.CartTest@48fa0f47]" started-at="2026-03-31T15:14:30 ICT" name="tearDown" finished-at="2026-03-31T15:14:30 ICT" duration-ms="300" status="PASS">
          <params>
            <param index="0">
              <value>
                <![CDATA[[TestResult name=testRemoveItem status=SUCCESS method=CartTest.testRemoveItem()[pri:0, instance:tests.CartTest@48fa0f47] output={null}]]]>
              </value>
            </param>
          </params>
          <reporter-output>
          </reporter-output>
        </test-method> <!-- tearDown -->
      </class> <!-- tests.CartTest -->
      <class name="tests.CheckoutTest">
        <test-method is-config="true" signature="setUp(java.lang.String,java.lang.String)[pri:0, instance:tests.CheckoutTest@6af93788]" started-at="2026-03-31T15:14:30 ICT" name="setUp" finished-at="2026-03-31T15:14:36 ICT" duration-ms="5678" status="PASS">
          <params>
            <param index="0">
              <value>
                <![CDATA[chrome]]>
              </value>
            </param>
            <param index="1">
              <value>
                <![CDATA[dev]]>
              </value>
            </param>
          </params>
          <reporter-output>
          </reporter-output>
        </test-method> <!-- setUp -->
        <test-method signature="testCheckoutSuccess()[pri:0, instance:tests.CheckoutTest@6af93788]" started-at="2026-03-31T15:14:36 ICT" name="testCheckoutSuccess" finished-at="2026-03-31T15:14:53 ICT" duration-ms="17193" status="FAIL">
          <exception class="org.openqa.selenium.TimeoutException">
            <message>
              <![CDATA[Expected condition failed: waiting for url to contain "step-two". Current url: "https://www.saucedemo.com/checkout-step-one.html" (tried for 15 second(s) with 500 milliseconds interval)
Build info: version: '4.24.0', revision: '748ffc9bc3'
System info: os.name: 'Windows 10', os.arch: 'amd64', os.version: '10.0', java.version: '17.0.16'
Driver info: org.openqa.selenium.chrome.ChromeDriver
Capabilities {acceptInsecureCerts: false, browserName: chrome, browserVersion: 146.0.7680.165, chrome: {chromedriverVersion: 146.0.7680.165 (4b989da09e1..., userDataDir: C:\Users\ThongHo\AppData\Lo...}, fedcm:accounts: true, goog:chromeOptions: {debuggerAddress: localhost:60824}, goog:processID: 20304, networkConnectionEnabled: false, pageLoadStrategy: normal, platformName: windows, proxy: Proxy(), se:cdp: ws://localhost:60824/devtoo..., se:cdpVersion: 146.0.7680.165, setWindowRect: true, strictFileInteractability: false, timeouts: {implicit: 0, pageLoad: 300000, script: 30000}, unhandledPromptBehavior: dismiss and notify, webauthn:extension:credBlob: true, webauthn:extension:largeBlob: true, webauthn:extension:minPinLength: true, webauthn:extension:prf: true, webauthn:virtualAuthenticators: true}
Session ID: fb9ac21ddecef1796cc1f2be0061ed83]]>
            </message>
            <full-stacktrace>
              <![CDATA[org.openqa.selenium.TimeoutException: Expected condition failed: waiting for url to contain "step-two". Current url: "https://www.saucedemo.com/checkout-step-one.html" (tried for 15 second(s) with 500 milliseconds interval)
Build info: version: '4.24.0', revision: '748ffc9bc3'
System info: os.name: 'Windows 10', os.arch: 'amd64', os.version: '10.0', java.version: '17.0.16'
Driver info: org.openqa.selenium.chrome.ChromeDriver
Capabilities {acceptInsecureCerts: false, browserName: chrome, browserVersion: 146.0.7680.165, chrome: {chromedriverVersion: 146.0.7680.165 (4b989da09e1..., userDataDir: C:\Users\ThongHo\AppData\Lo...}, fedcm:accounts: true, goog:chromeOptions: {debuggerAddress: localhost:60824}, goog:processID: 20304, networkConnectionEnabled: false, pageLoadStrategy: normal, platformName: windows, proxy: Proxy(), se:cdp: ws://localhost:60824/devtoo..., se:cdpVersion: 146.0.7680.165, setWindowRect: true, strictFileInteractability: false, timeouts: {implicit: 0, pageLoad: 300000, script: 30000}, unhandledPromptBehavior: dismiss and notify, webauthn:extension:credBlob: true, webauthn:extension:largeBlob: true, webauthn:extension:minPinLength: true, webauthn:extension:prf: true, webauthn:virtualAuthenticators: true}
Session ID: fb9ac21ddecef1796cc1f2be0061ed83
at org.openqa.selenium.support.ui.WebDriverWait.timeoutException(WebDriverWait.java:84)
at org.openqa.selenium.support.ui.FluentWait.until(FluentWait.java:228)
at framework.pages.CheckoutPage.fillInfo(CheckoutPage.java:41)
at tests.CheckoutTest.testCheckoutSuccess(CheckoutTest.java:28)
at java.base/jdk.internal.reflect.NativeMethodAccessorImpl.invoke0(Native Method)
at java.base/jdk.internal.reflect.NativeMethodAccessorImpl.invoke(NativeMethodAccessorImpl.java:77)
at java.base/jdk.internal.reflect.DelegatingMethodAccessorImpl.invoke(DelegatingMethodAccessorImpl.java:43)
at java.base/java.lang.reflect.Method.invoke(Method.java:568)
at org.testng.internal.invokers.MethodInvocationHelper.invokeMethod(MethodInvocationHelper.java:139)
at org.testng.internal.invokers.TestInvoker.invokeMethod(TestInvoker.java:664)
at org.testng.internal.invokers.TestInvoker.invokeTestMethod(TestInvoker.java:228)
at org.testng.internal.invokers.MethodRunner.runInSequence(MethodRunner.java:63)
at org.testng.internal.invokers.TestInvoker$MethodInvocationAgent.invoke(TestInvoker.java:961)
at org.testng.internal.invokers.TestInvoker.invokeTestMethods(TestInvoker.java:201)
at org.testng.internal.invokers.TestMethodWorker.invokeTestMethods(TestMethodWorker.java:148)
at org.testng.internal.invokers.TestMethodWorker.run(TestMethodWorker.java:128)
at java.base/java.util.ArrayList.forEach(ArrayList.java:1511)
at org.testng.TestRunner.privateRun(TestRunner.java:819)
at org.testng.TestRunner.run(TestRunner.java:619)
at org.testng.SuiteRunner.runTest(SuiteRunner.java:443)
at org.testng.SuiteRunner.runSequentially(SuiteRunner.java:437)
at org.testng.SuiteRunner.privateRun(SuiteRunner.java:397)
at org.testng.SuiteRunner.run(SuiteRunner.java:336)
at org.testng.SuiteRunnerWorker.runSuite(SuiteRunnerWorker.java:52)
at org.testng.SuiteRunnerWorker.run(SuiteRunnerWorker.java:95)
at org.testng.TestNG.runSuitesSequentially(TestNG.java:1301)
at org.testng.TestNG.runSuitesLocally(TestNG.java:1228)
at org.testng.TestNG.runSuites(TestNG.java:1134)
at org.testng.TestNG.run(TestNG.java:1101)
at org.apache.maven.surefire.testng.TestNGExecutor.run(TestNGExecutor.java:155)
at org.apache.maven.surefire.testng.TestNGDirectoryTestSuite.executeMulti(TestNGDirectoryTestSuite.java:169)
at org.apache.maven.surefire.testng.TestNGDirectoryTestSuite.execute(TestNGDirectoryTestSuite.java:88)
at org.apache.maven.surefire.testng.TestNGProvider.invoke(TestNGProvider.java:137)
at org.apache.maven.surefire.booter.ForkedBooter.runSuitesInProcess(ForkedBooter.java:385)
at org.apache.maven.surefire.booter.ForkedBooter.execute(ForkedBooter.java:162)
at org.apache.maven.surefire.booter.ForkedBooter.run(ForkedBooter.java:507)
at org.apache.maven.surefire.booter.ForkedBooter.main(ForkedBooter.java:495)
]]>
            </full-stacktrace>
          </exception> <!-- org.openqa.selenium.TimeoutException -->
          <reporter-output>
          </reporter-output>
        </test-method> <!-- testCheckoutSuccess -->
        <test-method is-config="true" signature="tearDown(org.testng.ITestResult)[pri:0, instance:tests.CheckoutTest@6af93788]" started-at="2026-03-31T15:14:53 ICT" name="tearDown" finished-at="2026-03-31T15:14:54 ICT" duration-ms="466" status="PASS">
          <params>
            <param index="0">
              <value>
                <![CDATA[[TestResult name=testCheckoutSuccess status=FAILURE method=CheckoutTest.testCheckoutSuccess()[pri:0, instance:tests.CheckoutTest@6af93788] output={null}]]]>
              </value>
            </param>
          </params>
          <reporter-output>
          </reporter-output>
        </test-method> <!-- tearDown -->
      </class> <!-- tests.CheckoutTest -->
    </test> <!-- Surefire test -->
  </suite> <!-- Surefire suite -->
</testng-results>
