<?xml version="1.0" encoding="UTF-8"?>
<testsuite xmlns:xsi="http://www.w3.org/2001/XMLSchema-instance" xsi:noNamespaceSchemaLocation="https://maven.apache.org/surefire/maven-surefire-plugin/xsd/surefire-test-report-3.0.xsd" version="3.0" name="TestSuite" time="45.611" tests="22" errors="0" skipped="0" failures="0">
  <properties>
[...]
</properties>
  <testcase name="testCartItemCount" classname="tests.CartTest" time="1.7">
    <system-out><![CDATA[[ConfigReader] Đang dùng môi trường: dev
]]></system-out>
    <system-err><![CDATA[SLF4J(W): No SLF4J providers were found.
SLF4J(W): Defaulting to no-operation (NOP) logger implementation
SLF4J(W): See https://www.slf4j.org/codes.html#noProviders for further details.
thg 3 17, 2026 2:42:38 CH org.openqa.selenium.devtools.CdpVersionFinder findNearestMatch
WARNING: Unable to find CDP implementation matching 146
thg 3 17, 2026 2:42:38 CH org.openqa.selenium.devtools.CdpVersionFinder findNearestMatch
WARNING: Unable to find CDP implementation matching 146
thg 3 17, 2026 2:42:38 CH org.openqa.selenium.chromium.ChromiumDriver lambda$new$5
WARNING: Unable to find version of CDP to use for 146.0.7680.80. You may need to include a dependency on a specific version of the CDP using something similar to `org.seleniumhq.selenium:selenium-devtools-v86:4.18.1` where the version ("v86") matches the version of the chromium-based browser you're using and the version number of the artifact is the same as Selenium's.
thg 3 17, 2026 2:42:38 CH org.openqa.selenium.devtools.CdpVersionFinder findNearestMatch
WARNING: Unable to find CDP implementation matching 146
thg 3 17, 2026 2:42:38 CH org.openqa.selenium.chromium.ChromiumDriver lambda$new$5
WARNING: Unable to find version of CDP to use for 146.0.7680.80. You may need to include a dependency on a specific version of the CDP using something similar to `org.seleniumhq.selenium:selenium-devtools-v86:4.18.1` where the version ("v86") matches the version of the chromium-based browser you're using and the version number of the artifact is the same as Selenium's.
thg 3 17, 2026 2:42:38 CH org.openqa.selenium.chromium.ChromiumDriver lambda$new$5
WARNING: Unable to find version of CDP to use for 146.0.7680.80. You may need to include a dependency on a specific version of the CDP using something similar to `org.seleniumhq.selenium:selenium-devtools-v86:4.18.1` where the version ("v86") matches the version of the chromium-based browser you're using and the version number of the artifact is the same as Selenium's.
]]></system-err>
  </testcase>
  <testcase name="testRemoveItem" classname="tests.CartTest" time="2.926"/>
  <testcase name="testCheckoutSuccess" classname="tests.CheckoutTest" time="2.88">
    <system-err><![CDATA[ERROR StatusLogger Log4j2 could not find a logging implementation. Please add log4j-core to the classpath. Using SimpleLogger to log to the console...
]]></system-err>
  </testcase>
  <testcase name="testNegativeLoginFromExcel[locked_out_user, secret_sauce, Epic sadface: Sorry, this user has been locked out., Đăng nhập user bị khóa](1)" classname="tests.LoginDDTTest" time="0.937">
    <system-out><![CDATA[Test case: Đăng nhập user bị khóa
Test case: Username siêu dài
]]></system-out>
    <system-err><![CDATA[thg 3 17, 2026 2:42:44 CH org.openqa.selenium.devtools.CdpVersionFinder findNearestMatch
WARNING: Unable to find CDP implementation matching 146
thg 3 17, 2026 2:42:44 CH org.openqa.selenium.devtools.CdpVersionFinder findNearestMatch
WARNING: Unable to find CDP implementation matching 146
thg 3 17, 2026 2:42:44 CH org.openqa.selenium.chromium.ChromiumDriver lambda$new$5
WARNING: Unable to find version of CDP to use for 146.0.7680.80. You may need to include a dependency on a specific version of the CDP using something similar to `org.seleniumhq.selenium:selenium-devtools-v86:4.18.1` where the version ("v86") matches the version of the chromium-based browser you're using and the version number of the artifact is the same as Selenium's.
thg 3 17, 2026 2:42:44 CH org.openqa.selenium.chromium.ChromiumDriver lambda$new$5
WARNING: Unable to find version of CDP to use for 146.0.7680.80. You may need to include a dependency on a specific version of the CDP using something similar to `org.seleniumhq.selenium:selenium-devtools-v86:4.18.1` where the version ("v86") matches the version of the chromium-based browser you're using and the version number of the artifact is the same as Selenium's.
]]></system-err>
  </testcase>
  <testcase name="testBoundaryLoginFromExcel[aaaaaaaaaaaaaaaaaaaaaaaaaaaaaaaaaaaaaaaaaaaaaaaaaaaaaaaaaaaaaaaaaaaaaaaaaaaaaaaaaaaaaaaaaaaaaaaaaaaaaaaaaaaaaaaaaaaaaaaaaaaaaaaaaaaaaaaaaaaaaaaaaaaaaaaaaaaaaaaaaaaaaaaaaaaaaaaaaaaaaaaaaaaaaaaaaaaaaaaaaaaaaaaaaaaaaaaaaaaaaaaaaaaaaaaaaaaaaaaaaaaaaaaaaaaaaaaa, secret_sauce, Epic sadface: Username and password do not match any user in this service, Username siêu dài](1)" classname="tests.LoginDDTTest" time="1.328"/>
  <testcase name="testNegativeLoginFromExcel[standard_user, wrong_pass, Epic sadface: Username and password do not match any user in this service, Sai mật khẩu](2)" classname="tests.LoginDDTTest" time="1.522">
    <system-out><![CDATA[Test case: Sai mật khẩu
Test case: Password siêu dài
]]></system-out>
    <system-err><![CDATA[thg 3 17, 2026 2:42:47 CH org.openqa.selenium.devtools.CdpVersionFinder findNearestMatch
WARNING: Unable to find CDP implementation matching 146
thg 3 17, 2026 2:42:47 CH org.openqa.selenium.chromium.ChromiumDriver lambda$new$5
WARNING: Unable to find version of CDP to use for 146.0.7680.80. You may need to include a dependency on a specific version of the CDP using something similar to `org.seleniumhq.selenium:selenium-devtools-v86:4.18.1` where the version ("v86") matches the version of the chromium-based browser you're using and the version number of the artifact is the same as Selenium's.
thg 3 17, 2026 2:42:48 CH org.openqa.selenium.devtools.CdpVersionFinder findNearestMatch
WARNING: Unable to find CDP implementation matching 146
thg 3 17, 2026 2:42:48 CH org.openqa.selenium.chromium.ChromiumDriver lambda$new$5
WARNING: Unable to find version of CDP to use for 146.0.7680.80. You may need to include a dependency on a specific version of the CDP using something similar to `org.seleniumhq.selenium:selenium-devtools-v86:4.18.1` where the version ("v86") matches the version of the chromium-based browser you're using and the version number of the artifact is the same as Selenium's.
]]></system-err>
  </testcase>
  <testcase name="testBoundaryLoginFromExcel[standard_user, bbbbbbbbbbbbbbbbbbbbbbbbbbbbbbbbbbbbbbbbbbbbbbbbbbbbbbbbbbbbbbbbbbbbbbbbbbbbbbbbbbbbbbbbbbbbbbbbbbbbbbbbbbbbbbbbbbbbbbbbbbbbbbbbbbbbbbbbbbbbbbbbbbbbbbbbbbbbbbbbbbbbbbbbbbbbbbbbbbbbbbbbbbbbbbbbbbbbbbbbbbbbbbbbbbbbbbbbbbbbbbbbbbbbbbbbbbbbbbbbbbbbbbbbbbbbbbbb, Epic sadface: Username and password do not match any user in this service, Password siêu dài](2)" classname="tests.LoginDDTTest" time="2.29"/>
  <testcase name="testNegativeLoginFromExcel[, secret_sauce, Epic sadface: Username is required, Username rỗng](3)" classname="tests.LoginDDTTest" time="1.169">
    <system-out><![CDATA[Test case: Username rỗng
Test case: XSS Pattern
]]></system-out>
    <system-err><![CDATA[thg 3 17, 2026 2:42:52 CH org.openqa.selenium.devtools.CdpVersionFinder findNearestMatch
WARNING: Unable to find CDP implementation matching 146
thg 3 17, 2026 2:42:52 CH org.openqa.selenium.chromium.ChromiumDriver lambda$new$5
WARNING: Unable to find version of CDP to use for 146.0.7680.80. You may need to include a dependency on a specific version of the CDP using something similar to `org.seleniumhq.selenium:selenium-devtools-v86:4.18.1` where the version ("v86") matches the version of the chromium-based browser you're using and the version number of the artifact is the same as Selenium's.
thg 3 17, 2026 2:42:53 CH org.openqa.selenium.devtools.CdpVersionFinder findNearestMatch
WARNING: Unable to find CDP implementation matching 146
thg 3 17, 2026 2:42:53 CH org.openqa.selenium.chromium.ChromiumDriver lambda$new$5
WARNING: Unable to find version of CDP to use for 146.0.7680.80. You may need to include a dependency on a specific version of the CDP using something similar to `org.seleniumhq.selenium:selenium-devtools-v86:4.18.1` where the version ("v86") matches the version of the chromium-based browser you're using and the version number of the artifact is the same as Selenium's.
]]></system-err>
  </testcase>
  <testcase name="testBoundaryLoginFromExcel[&lt;script&gt;alert(1)&lt;/script&gt;, secret_sauce, Epic sadface: Username and password do not match any user in this service, XSS Pattern](3)" classname="tests.LoginDDTTest" time="2.064">
    <system-err><![CDATA[thg 3 17, 2026 2:42:55 CH org.openqa.selenium.devtools.CdpVersionFinder findNearestMatch
WARNING: Unable to find CDP implementation matching 146
thg 3 17, 2026 2:42:55 CH org.openqa.selenium.chromium.ChromiumDriver lambda$new$5
WARNING: Unable to find version of CDP to use for 146.0.7680.80. You may need to include a dependency on a specific version of the CDP using something similar to `org.seleniumhq.selenium:selenium-devtools-v86:4.18.1` where the version ("v86") matches the version of the chromium-based browser you're using and the version number of the artifact is the same as Selenium's.
]]></system-err>
  </testcase>
  <testcase name="testSmokeLoginFromExcel[standard_user, secret_sauce, inventory.html, Đăng nhập đúng với standard_user](1)" classname="tests.LoginDDTTest" time="0.486">
    <system-out><![CDATA[Test case: Đăng nhập đúng với standard_user
Test case: Password rỗng
Test case: SQL Injection
]]></system-out>
    <system-err><![CDATA[thg 3 17, 2026 2:42:56 CH org.openqa.selenium.devtools.CdpVersionFinder findNearestMatch
WARNING: Unable to find CDP implementation matching 146
thg 3 17, 2026 2:42:56 CH org.openqa.selenium.chromium.ChromiumDriver lambda$new$5
WARNING: Unable to find version of CDP to use for 146.0.7680.80. You may need to include a dependency on a specific version of the CDP using something similar to `org.seleniumhq.selenium:selenium-devtools-v86:4.18.1` where the version ("v86") matches the version of the chromium-based browser you're using and the version number of the artifact is the same as Selenium's.
thg 3 17, 2026 2:42:57 CH org.openqa.selenium.devtools.CdpVersionFinder findNearestMatch
WARNING: Unable to find CDP implementation matching 146
thg 3 17, 2026 2:42:57 CH org.openqa.selenium.chromium.ChromiumDriver lambda$new$5
WARNING: Unable to find version of CDP to use for 146.0.7680.80. You may need to include a dependency on a specific version of the CDP using something similar to `org.seleniumhq.selenium:selenium-devtools-v86:4.18.1` where the version ("v86") matches the version of the chromium-based browser you're using and the version number of the artifact is the same as Selenium's.
]]></system-err>
  </testcase>
  <testcase name="testNegativeLoginFromExcel[standard_user, , Epic sadface: Password is required, Password rỗng](4)" classname="tests.LoginDDTTest" time="1.645"/>
  <testcase name="testBoundaryLoginFromExcel[&apos; OR &apos;1&apos;=&apos;1, secret_sauce, Epic sadface: Username and password do not match any user in this service, SQL Injection](4)" classname="tests.LoginDDTTest" time="2.315">
    <system-err><![CDATA[thg 3 17, 2026 2:43:00 CH org.openqa.selenium.devtools.CdpVersionFinder findNearestMatch
WARNING: Unable to find CDP implementation matching 146
thg 3 17, 2026 2:43:00 CH org.openqa.selenium.chromium.ChromiumDriver lambda$new$5
WARNING: Unable to find version of CDP to use for 146.0.7680.80. You may need to include a dependency on a specific version of the CDP using something similar to `org.seleniumhq.selenium:selenium-devtools-v86:4.18.1` where the version ("v86") matches the version of the chromium-based browser you're using and the version number of the artifact is the same as Selenium's.
]]></system-err>
  </testcase>
  <testcase name="testSmokeLoginFromExcel[problem_user, secret_sauce, inventory.html, Đăng nhập với problem_user](2)" classname="tests.LoginDDTTest" time="0.402">
    <system-out><![CDATA[Test case: Đăng nhập với problem_user
Test case: Cả 2 rỗng
]]></system-out>
    <system-err><![CDATA[thg 3 17, 2026 2:43:02 CH org.openqa.selenium.devtools.CdpVersionFinder findNearestMatch
WARNING: Unable to find CDP implementation matching 146
thg 3 17, 2026 2:43:02 CH org.openqa.selenium.chromium.ChromiumDriver lambda$new$5
WARNING: Unable to find version of CDP to use for 146.0.7680.80. You may need to include a dependency on a specific version of the CDP using something similar to `org.seleniumhq.selenium:selenium-devtools-v86:4.18.1` where the version ("v86") matches the version of the chromium-based browser you're using and the version number of the artifact is the same as Selenium's.
thg 3 17, 2026 2:43:02 CH org.openqa.selenium.devtools.CdpVersionFinder findNearestMatch
WARNING: Unable to find CDP implementation matching 146
thg 3 17, 2026 2:43:02 CH org.openqa.selenium.chromium.ChromiumDriver lambda$new$5
WARNING: Unable to find version of CDP to use for 146.0.7680.80. You may need to include a dependency on a specific version of the CDP using something similar to `org.seleniumhq.selenium:selenium-devtools-v86:4.18.1` where the version ("v86") matches the version of the chromium-based browser you're using and the version number of the artifact is the same as Selenium's.
]]></system-err>
  </testcase>
  <testcase name="testNegativeLoginFromExcel[, , Epic sadface: Username is required, Cả 2 rỗng](5)" classname="tests.LoginDDTTest" time="1.834"/>
  <testcase name="testSmokeLoginFromExcel[performance_glitch_user, secret_sauce, inventory.html, Đăng nhập với glitch_user](3)" classname="tests.LoginDDTTest" time="0.685">
    <system-out><![CDATA[Test case: User bị khoá JSON
]]></system-out>
    <system-err><![CDATA[thg 3 17, 2026 2:43:10 CH org.openqa.selenium.devtools.CdpVersionFinder findNearestMatch
WARNING: Unable to find CDP implementation matching 146
thg 3 17, 2026 2:43:10 CH org.openqa.selenium.chromium.ChromiumDriver lambda$new$5
WARNING: Unable to find version of CDP to use for 146.0.7680.80. You may need to include a dependency on a specific version of the CDP using something similar to `org.seleniumhq.selenium:selenium-devtools-v86:4.18.1` where the version ("v86") matches the version of the chromium-based browser you're using and the version number of the artifact is the same as Selenium's.
]]></system-err>
  </testcase>
  <testcase name="testLoginFailure" classname="tests.LoginTest" time="0.057">
    <system-out><![CDATA[Test case: Đăng nhập với glitch_user
]]></system-out>
    <system-err><![CDATA[thg 3 17, 2026 2:43:04 CH org.openqa.selenium.devtools.CdpVersionFinder findNearestMatch
WARNING: Unable to find CDP implementation matching 146
thg 3 17, 2026 2:43:04 CH org.openqa.selenium.chromium.ChromiumDriver lambda$new$5
WARNING: Unable to find version of CDP to use for 146.0.7680.80. You may need to include a dependency on a specific version of the CDP using something similar to `org.seleniumhq.selenium:selenium-devtools-v86:4.18.1` where the version ("v86") matches the version of the chromium-based browser you're using and the version number of the artifact is the same as Selenium's.
]]></system-err>
  </testcase>
  <testcase name="testLoginSuccess" classname="tests.LoginTest" time="0.864">
    <system-out><![CDATA[Test case: Đăng nhập hợp lệ JSON
]]></system-out>
    <system-err><![CDATA[thg 3 17, 2026 2:43:06 CH org.openqa.selenium.devtools.CdpVersionFinder findNearestMatch
WARNING: Unable to find CDP implementation matching 146
thg 3 17, 2026 2:43:06 CH org.openqa.selenium.chromium.ChromiumDriver lambda$new$5
WARNING: Unable to find version of CDP to use for 146.0.7680.80. You may need to include a dependency on a specific version of the CDP using something similar to `org.seleniumhq.selenium:selenium-devtools-v86:4.18.1` where the version ("v86") matches the version of the chromium-based browser you're using and the version number of the artifact is the same as Selenium's.
thg 3 17, 2026 2:43:07 CH org.openqa.selenium.devtools.CdpVersionFinder findNearestMatch
WARNING: Unable to find CDP implementation matching 146
thg 3 17, 2026 2:43:07 CH org.openqa.selenium.chromium.ChromiumDriver lambda$new$5
WARNING: Unable to find version of CDP to use for 146.0.7680.80. You may need to include a dependency on a specific version of the CDP using something similar to `org.seleniumhq.selenium:selenium-devtools-v86:4.18.1` where the version ("v86") matches the version of the chromium-based browser you're using and the version number of the artifact is the same as Selenium's.
]]></system-err>
  </testcase>
  <testcase name="testLoginFromJson[standard_user, secret_sauce, true, Đăng nhập hợp lệ JSON](1)" classname="tests.UserLoginTest" time="1.593"/>
  <testcase name="testLoginFromJson[locked_out_user, secret_sauce, false, User bị khoá JSON](2)" classname="tests.UserLoginTest" time="0.766"/>
  <testcase name="testLoginFromJson[problem_user, secret_sauce, true, User có vấn đề giao diện JSON](3)" classname="tests.UserLoginTest" time="0.666">
    <system-out><![CDATA[Test case: User có vấn đề giao diện JSON
]]></system-out>
    <system-err><![CDATA[thg 3 17, 2026 2:43:13 CH org.openqa.selenium.devtools.CdpVersionFinder findNearestMatch
WARNING: Unable to find CDP implementation matching 146
thg 3 17, 2026 2:43:13 CH org.openqa.selenium.chromium.ChromiumDriver lambda$new$5
WARNING: Unable to find version of CDP to use for 146.0.7680.80. You may need to include a dependency on a specific version of the CDP using something similar to `org.seleniumhq.selenium:selenium-devtools-v86:4.18.1` where the version ("v86") matches the version of the chromium-based browser you're using and the version number of the artifact is the same as Selenium's.
]]></system-err>
  </testcase>
  <testcase name="testLoginFromJson[, secret_sauce, false, Username rỗng JSON](4)" classname="tests.UserLoginTest" time="0.665">
    <system-out><![CDATA[Test case: Username rỗng JSON
]]></system-out>
    <system-err><![CDATA[thg 3 17, 2026 2:43:15 CH org.openqa.selenium.devtools.CdpVersionFinder findNearestMatch
WARNING: Unable to find CDP implementation matching 146
thg 3 17, 2026 2:43:15 CH org.openqa.selenium.chromium.ChromiumDriver lambda$new$5
WARNING: Unable to find version of CDP to use for 146.0.7680.80. You may need to include a dependency on a specific version of the CDP using something similar to `org.seleniumhq.selenium:selenium-devtools-v86:4.18.1` where the version ("v86") matches the version of the chromium-based browser you're using and the version number of the artifact is the same as Selenium's.
]]></system-err>
  </testcase>
  <testcase name="testLoginFromJson[standard_user, wrong_pass, false, Sai mật khẩu JSON](5)" classname="tests.UserLoginTest" time="0.609">
    <system-out><![CDATA[Test case: Sai mật khẩu JSON
]]></system-out>
    <system-err><![CDATA[thg 3 17, 2026 2:43:18 CH org.openqa.selenium.devtools.CdpVersionFinder findNearestMatch
WARNING: Unable to find CDP implementation matching 146
thg 3 17, 2026 2:43:18 CH org.openqa.selenium.chromium.ChromiumDriver lambda$new$5
WARNING: Unable to find version of CDP to use for 146.0.7680.80. You may need to include a dependency on a specific version of the CDP using something similar to `org.seleniumhq.selenium:selenium-devtools-v86:4.18.1` where the version ("v86") matches the version of the chromium-based browser you're using and the version number of the artifact is the same as Selenium's.
]]></system-err>
  </testcase>
</testsuite>