<?xml version="1.0" encoding="UTF-8"?>
<!-- Generated by org.testng.reporters.JUnitReportReporter -->
<testsuite hostname="DESKTOP-170JDGQ" failures="0" tests="5" name="tests.UserLoginTest" time="26.098" errors="0" timestamp="2026-03-31T13:42:00 ICT" skipped="0">
  <testcase classname="tests.UserLoginTest" name="testLoginFromJson" time="5.211"/>
  <testcase classname="tests.UserLoginTest" name="testLoginFromJson" time="5.100"/>
  <testcase classname="tests.UserLoginTest" name="testLoginFromJson" time="5.201"/>
  <testcase classname="tests.UserLoginTest" name="testLoginFromJson" time="5.280"/>
  <testcase classname="tests.UserLoginTest" name="testLoginFromJson" time="5.306"/>
</testsuite> <!-- tests.UserLoginTest -->
