<?xml version="1.0" encoding="UTF-8"?>
<!-- Generated by org.testng.reporters.JUnitReportReporter -->
<testsuite hostname="DESKTOP-170JDGQ" failures="0" tests="12" name="tests.LoginDDTTest" time="58.407" errors="0" timestamp="2026-03-17T14:43:19 ICT" skipped="0">
  <testcase classname="tests.LoginDDTTest" name="testBoundaryLoginFromExcel" time="5.390"/>
  <testcase classname="tests.LoginDDTTest" name="testNegativeLoginFromExcel" time="3.741"/>
  <testcase classname="tests.LoginDDTTest" name="testNegativeLoginFromExcel" time="3.972"/>
  <testcase classname="tests.LoginDDTTest" name="testBoundaryLoginFromExcel" time="3.972"/>
  <testcase classname="tests.LoginDDTTest" name="testBoundaryLoginFromExcel" time="4.891"/>
  <testcase classname="tests.LoginDDTTest" name="testNegativeLoginFromExcel" time="4.374"/>
  <testcase classname="tests.LoginDDTTest" name="testNegativeLoginFromExcel" time="4.658"/>
  <testcase classname="tests.LoginDDTTest" name="testBoundaryLoginFromExcel" time="4.582"/>
  <testcase classname="tests.LoginDDTTest" name="testNegativeLoginFromExcel" time="3.927"/>
  <testcase classname="tests.LoginDDTTest" name="testSmokeLoginFromExcel" time="4.977"/>
  <testcase classname="tests.LoginDDTTest" name="testSmokeLoginFromExcel" time="4.833"/>
  <testcase classname="tests.LoginDDTTest" name="testSmokeLoginFromExcel" time="9.090"/>
</testsuite> <!-- tests.LoginDDTTest -->
