<?xml version="1.0" encoding="UTF-8"?>
<!-- Generated by org.testng.reporters.JUnitReportReporter -->
<testsuite hostname="DESKTOP-170JDGQ" failures="0" tests="12" name="tests.LoginDDTTest" time="108.359" errors="0" timestamp="2026-03-31T13:42:00 ICT" skipped="0">
  <testcase classname="tests.LoginDDTTest" name="testNegativeLoginFromExcel" time="7.914"/>
  <testcase classname="tests.LoginDDTTest" name="testNegativeLoginFromExcel" time="5.456"/>
  <testcase classname="tests.LoginDDTTest" name="testNegativeLoginFromExcel" time="8.680"/>
  <testcase classname="tests.LoginDDTTest" name="testBoundaryLoginFromExcel" time="6.685"/>
  <testcase classname="tests.LoginDDTTest" name="testBoundaryLoginFromExcel" time="6.340"/>
  <testcase classname="tests.LoginDDTTest" name="testSmokeLoginFromExcel" time="10.889"/>
  <testcase classname="tests.LoginDDTTest" name="testBoundaryLoginFromExcel" time="6.672"/>
  <testcase classname="tests.LoginDDTTest" name="testSmokeLoginFromExcel" time="31.493"/>
  <testcase classname="tests.LoginDDTTest" name="testBoundaryLoginFromExcel" time="6.763"/>
  <testcase classname="tests.LoginDDTTest" name="testSmokeLoginFromExcel" time="6.489"/>
  <testcase classname="tests.LoginDDTTest" name="testNegativeLoginFromExcel" time="4.794"/>
  <testcase classname="tests.LoginDDTTest" name="testNegativeLoginFromExcel" time="6.184"/>
</testsuite> <!-- tests.LoginDDTTest -->
