<?xml version="1.0" encoding="UTF-8"?>
<!-- Generated by org.testng.reporters.JUnitReportReporter -->
<testsuite hostname="DESKTOP-170JDGQ" failures="0" tests="5" name="tests.UserLoginTest" time="13.894" errors="0" timestamp="2026-03-17T14:43:19 ICT" skipped="0">
  <testcase classname="tests.UserLoginTest" name="testLoginFromJson" time="2.531"/>
  <testcase classname="tests.UserLoginTest" name="testLoginFromJson" time="3.727"/>
  <testcase classname="tests.UserLoginTest" name="testLoginFromJson" time="2.625"/>
  <testcase classname="tests.UserLoginTest" name="testLoginFromJson" time="2.387"/>
  <testcase classname="tests.UserLoginTest" name="testLoginFromJson" time="2.624"/>
</testsuite> <!-- tests.UserLoginTest -->
